2019-10-27 20:59:01,854 [Worker-0: Loading available Gradle versions] INFO  o.e.b.c.i.u.g.PublishedGradleVersions - Gradle version information cache is not available. Remote download required.
2019-11-01 14:58:59,184 [Worker-1: Loading available Gradle versions] INFO  o.e.b.c.i.u.g.PublishedGradleVersions - Gradle version information cache is not available. Remote download required.
2019-11-01 15:35:07,666 [Worker-10: Enabling Maven Dependency Management] INFO  o.e.m.c.i.e.AbstractTransferListenerAdapter - Downloaded https://repo.maven.apache.org/maven2/org/apache/maven/plugins/maven-clean-plugin/2.5/maven-clean-plugin-2.5.jar
2019-11-01 15:35:07,697 [Worker-10: Enabling Maven Dependency Management] INFO  o.e.m.c.i.e.AbstractTransferListenerAdapter - Downloaded https://repo.maven.apache.org/maven2/org/apache/maven/plugins/maven-resources-plugin/2.6/maven-resources-plugin-2.6.jar
2019-11-01 15:35:07,704 [Worker-10: Enabling Maven Dependency Management] INFO  o.e.m.c.i.e.AbstractTransferListenerAdapter - Downloaded https://repo.maven.apache.org/maven2/org/apache/maven/plugins/maven-compiler-plugin/3.8.0/maven-compiler-plugin-3.8.0.jar
2019-11-01 15:35:07,718 [Worker-10: Enabling Maven Dependency Management] INFO  o.e.m.c.i.e.AbstractTransferListenerAdapter - Downloaded https://repo.maven.apache.org/maven2/org/apache/maven/plugins/maven-surefire-plugin/2.12.4/maven-surefire-plugin-2.12.4.jar
2019-11-01 15:35:07,725 [Worker-10: Enabling Maven Dependency Management] INFO  o.e.m.c.i.e.AbstractTransferListenerAdapter - Downloaded https://repo.maven.apache.org/maven2/org/apache/maven/plugins/maven-jar-plugin/2.4/maven-jar-plugin-2.4.jar
2019-11-01 15:35:07,734 [Worker-10: Enabling Maven Dependency Management] INFO  o.e.m.c.i.e.AbstractTransferListenerAdapter - Downloaded https://repo.maven.apache.org/maven2/org/apache/maven/plugins/maven-install-plugin/2.4/maven-install-plugin-2.4.jar
2019-11-01 15:35:07,741 [Worker-10: Enabling Maven Dependency Management] INFO  o.e.m.c.i.e.AbstractTransferListenerAdapter - Downloaded https://repo.maven.apache.org/maven2/org/apache/maven/plugins/maven-deploy-plugin/2.7/maven-deploy-plugin-2.7.jar
2019-11-01 15:35:07,748 [Worker-10: Enabling Maven Dependency Management] INFO  o.e.m.c.i.e.AbstractTransferListenerAdapter - Downloaded https://repo.maven.apache.org/maven2/org/apache/maven/plugins/maven-site-plugin/3.3/maven-site-plugin-3.3.jar
2019-11-01 15:35:07,765 [Worker-10: Enabling Maven Dependency Management] INFO  o.e.m.c.i.e.AbstractTransferListenerAdapter - Downloaded https://repo.maven.apache.org/maven2/org/apache/maven/plugins/maven-compiler-plugin/3.8.0/maven-compiler-plugin-3.8.0.pom
2019-11-01 15:35:07,780 [Worker-10: Enabling Maven Dependency Management] INFO  o.e.m.c.i.l.LifecycleMappingFactory - Using org.eclipse.m2e.jdt.JarLifecycleMapping lifecycle mapping for MavenProject: TestHM:TestHM:0.0.1-SNAPSHOT @ /home/dorado/Workspace/Java/TestHM/pom.xml.
2019-11-01 15:35:08,299 [Worker-11: Building workspace] INFO  o.e.m.c.i.e.AbstractTransferListenerAdapter - Downloaded https://repo.maven.apache.org/maven2/org/apache/maven/plugins/maven-resources-plugin/2.6/maven-resources-plugin-2.6.pom
2019-11-01 15:35:09,099 [Worker-10: Enabling Maven Dependency Management] ERROR o.e.m.c.u.i.a.EnableNatureAction - Could not calculate build plan: Plugin org.apache.maven.plugins:maven-resources-plugin:2.6 or one of its dependencies could not be resolved: Failed to read artifact descriptor for org.apache.maven.plugins:maven-resources-plugin:jar:2.6
org.eclipse.core.runtime.CoreException: Could not calculate build plan: Plugin org.apache.maven.plugins:maven-resources-plugin:2.6 or one of its dependencies could not be resolved: Failed to read artifact descriptor for org.apache.maven.plugins:maven-resources-plugin:jar:2.6
	at org.eclipse.m2e.core.internal.embedder.MavenImpl.setupMojoExecution(MavenImpl.java:407) ~[na:na]
	at org.eclipse.m2e.core.internal.embedder.MavenImpl.lambda$1(MavenImpl.java:415) ~[na:na]
	at org.eclipse.m2e.core.internal.embedder.MavenExecutionContext.executeBare(MavenExecutionContext.java:177) ~[na:na]
	at org.eclipse.m2e.core.internal.embedder.MavenExecutionContext.execute(MavenExecutionContext.java:112) ~[na:na]
	at org.eclipse.m2e.core.internal.embedder.MavenImpl.setupMojoExecution(MavenImpl.java:415) ~[na:na]
	at org.eclipse.m2e.core.internal.project.registry.ProjectRegistryManager.setupMojoExecution(ProjectRegistryManager.java:952) ~[na:na]
	at org.eclipse.m2e.core.internal.project.registry.MavenProjectFacade.getMojoExecution(MavenProjectFacade.java:408) ~[na:na]
	at org.eclipse.m2e.core.project.configurator.AbstractCustomizableLifecycleMapping.getBuildParticipants(AbstractCustomizableLifecycleMapping.java:66) ~[na:na]
	at org.eclipse.m2e.core.project.configurator.AbstractLifecycleMapping.configure(AbstractLifecycleMapping.java:97) ~[na:na]
	at org.eclipse.m2e.core.internal.project.ProjectConfigurationManager$3.call(ProjectConfigurationManager.java:508) ~[na:na]
	at org.eclipse.m2e.core.internal.project.ProjectConfigurationManager$3.call(ProjectConfigurationManager.java:1) ~[na:na]
	at org.eclipse.m2e.core.internal.embedder.MavenExecutionContext.executeBare(MavenExecutionContext.java:177) ~[na:na]
	at org.eclipse.m2e.core.internal.embedder.MavenExecutionContext.execute(MavenExecutionContext.java:151) ~[na:na]
	at org.eclipse.m2e.core.internal.project.ProjectConfigurationManager.updateProjectConfiguration(ProjectConfigurationManager.java:501) ~[na:na]
	at org.eclipse.m2e.core.internal.project.ProjectConfigurationManager.configureNewMavenProjects(ProjectConfigurationManager.java:288) ~[na:na]
	at org.eclipse.m2e.core.internal.project.ProjectConfigurationManager$4.run(ProjectConfigurationManager.java:528) ~[na:na]
	at org.eclipse.m2e.core.internal.embedder.AbstractRunnable.call(AbstractRunnable.java:26) ~[na:na]
	at org.eclipse.m2e.core.internal.embedder.AbstractRunnable.call(AbstractRunnable.java:1) ~[na:na]
	at org.eclipse.m2e.core.internal.embedder.MavenExecutionContext.executeBare(MavenExecutionContext.java:177) ~[na:na]
	at org.eclipse.m2e.core.internal.embedder.MavenExecutionContext.execute(MavenExecutionContext.java:151) ~[na:na]
	at org.eclipse.m2e.core.internal.embedder.MavenExecutionContext.execute(MavenExecutionContext.java:99) ~[na:na]
	at org.eclipse.m2e.core.internal.embedder.MavenImpl.execute(MavenImpl.java:1336) ~[na:na]
	at org.eclipse.m2e.core.internal.project.ProjectConfigurationManager.enableMavenNature(ProjectConfigurationManager.java:525) ~[na:na]
	at org.eclipse.m2e.core.ui.internal.actions.EnableNatureAction$1.run(EnableNatureAction.java:138) ~[org.eclipse.m2e.core.ui_1.11.0.20190220-2119.jar:na]
	at org.eclipse.core.internal.jobs.Worker.run(Worker.java:63) [org.eclipse.core.jobs_3.10.300.v20190215-2048.jar:na]
Caused by: org.apache.maven.plugin.PluginResolutionException: Plugin org.apache.maven.plugins:maven-resources-plugin:2.6 or one of its dependencies could not be resolved: Failed to read artifact descriptor for org.apache.maven.plugins:maven-resources-plugin:jar:2.6
	at org.apache.maven.plugin.internal.DefaultPluginDependenciesResolver.resolve(DefaultPluginDependenciesResolver.java:117) ~[na:na]
	at org.eclipse.m2e.core.internal.project.registry.EclipsePluginDependenciesResolver.resolve(EclipsePluginDependenciesResolver.java:47) ~[na:na]
	at org.apache.maven.plugin.internal.DefaultMavenPluginManager.getPluginDescriptor(DefaultMavenPluginManager.java:181) ~[na:na]
	at org.apache.maven.plugin.internal.DefaultMavenPluginManager.getMojoDescriptor(DefaultMavenPluginManager.java:286) ~[na:na]
	at org.apache.maven.plugin.DefaultBuildPluginManager.getMojoDescriptor(DefaultBuildPluginManager.java:244) ~[na:na]
	at org.apache.maven.lifecycle.internal.DefaultLifecycleExecutionPlanCalculator.setupMojoExecution(DefaultLifecycleExecutionPlanCalculator.java:168) ~[na:na]
	at org.eclipse.m2e.core.internal.embedder.MavenImpl.setupMojoExecution(MavenImpl.java:405) ~[na:na]
	... 24 common frames omitted
Caused by: org.eclipse.aether.resolution.ArtifactDescriptorException: Failed to read artifact descriptor for org.apache.maven.plugins:maven-resources-plugin:jar:2.6
	at org.apache.maven.repository.internal.DefaultArtifactDescriptorReader.loadPom(DefaultArtifactDescriptorReader.java:276) ~[na:na]
	at org.apache.maven.repository.internal.DefaultArtifactDescriptorReader.readArtifactDescriptor(DefaultArtifactDescriptorReader.java:192) ~[na:na]
	at org.eclipse.aether.internal.impl.DefaultRepositorySystem.readArtifactDescriptor(DefaultRepositorySystem.java:253) ~[na:na]
	at org.apache.maven.plugin.internal.DefaultPluginDependenciesResolver.resolve(DefaultPluginDependenciesResolver.java:103) ~[na:na]
	... 30 common frames omitted
Caused by: org.eclipse.aether.resolution.ArtifactResolutionException: Failure to transfer org.apache.maven.plugins:maven-resources-plugin:pom:2.6 from https://repo.maven.apache.org/maven2 was cached in the local repository, resolution will not be reattempted until the update interval of central has elapsed or updates are forced. Original error: Could not transfer artifact org.apache.maven.plugins:maven-resources-plugin:pom:2.6 from/to central (https://repo.maven.apache.org/maven2): repo.maven.apache.org
	at org.eclipse.aether.internal.impl.DefaultArtifactResolver.resolve(DefaultArtifactResolver.java:422) ~[na:na]
	at org.eclipse.aether.internal.impl.DefaultArtifactResolver.resolveArtifacts(DefaultArtifactResolver.java:224) ~[na:na]
	at org.eclipse.aether.internal.impl.DefaultArtifactResolver.resolveArtifact(DefaultArtifactResolver.java:201) ~[na:na]
	at org.apache.maven.repository.internal.DefaultArtifactDescriptorReader.loadPom(DefaultArtifactDescriptorReader.java:261) ~[na:na]
	... 33 common frames omitted
Caused by: org.eclipse.aether.transfer.ArtifactTransferException: Failure to transfer org.apache.maven.plugins:maven-resources-plugin:pom:2.6 from https://repo.maven.apache.org/maven2 was cached in the local repository, resolution will not be reattempted until the update interval of central has elapsed or updates are forced. Original error: Could not transfer artifact org.apache.maven.plugins:maven-resources-plugin:pom:2.6 from/to central (https://repo.maven.apache.org/maven2): repo.maven.apache.org
	at org.eclipse.aether.internal.impl.DefaultUpdateCheckManager.newException(DefaultUpdateCheckManager.java:240) ~[na:na]
	at org.eclipse.aether.internal.impl.DefaultUpdateCheckManager.checkArtifact(DefaultUpdateCheckManager.java:208) ~[na:na]
	at org.eclipse.aether.internal.impl.DefaultArtifactResolver.gatherDownloads(DefaultArtifactResolver.java:563) ~[na:na]
	at org.eclipse.aether.internal.impl.DefaultArtifactResolver.performDownloads(DefaultArtifactResolver.java:481) ~[na:na]
	at org.eclipse.aether.internal.impl.DefaultArtifactResolver.resolve(DefaultArtifactResolver.java:399) ~[na:na]
	... 36 common frames omitted
2019-11-01 15:38:44,215 [Worker-11: Discover lifecycle mappings] INFO  o.e.m.i.discovery.MavenDiscovery - No lifecyle mapping found at jar:file:/tmp/RemoteBundleDiscoveryStrategy3225382069609958041.tmp/org.eclipse.m2e.discovery.oss_catalog_1.6.jar_6553518952677415598.jar!/lifecycle%2Forg.eclipse.m2e.discovery.lifecyclemapping.m2e-egit.xml
2019-11-01 15:38:44,216 [Worker-11: Discover lifecycle mappings] WARN  o.e.m.i.discovery.MavenDiscovery - CatalogItem org.eclipse.m2e.discovery.lifecyclemapping.m2e-egit does not contain lifecycle mapping metadata
2019-11-01 15:38:44,217 [Worker-11: Discover lifecycle mappings] INFO  o.e.m.i.discovery.MavenDiscovery - No lifecyle mapping found at jar:file:/tmp/RemoteBundleDiscoveryStrategy3225382069609958041.tmp/org.eclipse.m2e.discovery.oss_catalog_1.6.jar_6553518952677415598.jar!/lifecycle%2Forg.eclipse.m2e.discovery.lifecyclemapping.m2e-subversive.xml
2019-11-01 15:38:44,218 [Worker-11: Discover lifecycle mappings] WARN  o.e.m.i.discovery.MavenDiscovery - CatalogItem org.eclipse.m2e.discovery.lifecyclemapping.m2e-subversive does not contain lifecycle mapping metadata
2019-11-01 16:04:03,413 [Worker-2: Loading available Gradle versions] INFO  o.e.b.c.i.u.g.PublishedGradleVersions - Gradle version information cache is up-to-date. Trying to read.
2019-11-01 16:07:31,666 [Worker-0: Loading available Gradle versions] INFO  o.e.b.c.i.u.g.PublishedGradleVersions - Gradle version information cache is up-to-date. Trying to read.
2019-11-01 16:13:00,214 [Worker-2: Loading available Gradle versions] INFO  o.e.b.c.i.u.g.PublishedGradleVersions - Gradle version information cache is up-to-date. Trying to read.
2019-11-01 16:15:37,349 [Worker-1: Loading available Gradle versions] INFO  o.e.b.c.i.u.g.PublishedGradleVersions - Gradle version information cache is up-to-date. Trying to read.
2019-11-01 16:21:58,344 [Worker-0: Loading available Gradle versions] INFO  o.e.b.c.i.u.g.PublishedGradleVersions - Gradle version information cache is up-to-date. Trying to read.
